CRITICAL - 2020-12-14 12:42:22 --> Object of class stdClass could not be converted to string
#0 C:\xampp\htdocs\agenda\app\Views\categoria.php(150): CodeIgniter\Debug\Exceptions->errorHandler(4096, 'Object of class...', 'C:\\xampp\\htdocs...', 150, Array)
#1 C:\xampp\htdocs\agenda\vendor\codeigniter4\framework\system\View\View.php(246): include('C:\\xampp\\htdocs...')
#2 C:\xampp\htdocs\agenda\vendor\codeigniter4\framework\system\Common.php(1119): CodeIgniter\View\View->render('categoria', Array, true)
#3 C:\xampp\htdocs\agenda\app\Controllers\Home.php(148): view('categoria', Array)
#4 C:\xampp\htdocs\agenda\vendor\codeigniter4\framework\system\CodeIgniter.php(918): App\Controllers\Home->index2()
#5 C:\xampp\htdocs\agenda\vendor\codeigniter4\framework\system\CodeIgniter.php(404): CodeIgniter\CodeIgniter->runController(Object(App\Controllers\Home))
#6 C:\xampp\htdocs\agenda\vendor\codeigniter4\framework\system\CodeIgniter.php(312): CodeIgniter\CodeIgniter->handleRequest(NULL, Object(Config\Cache), false)
#7 C:\xampp\htdocs\agenda\public\index.php(45): CodeIgniter\CodeIgniter->run()
#8 {main}
CRITICAL - 2020-12-14 12:42:51 --> Undefined variable: result
#0 C:\xampp\htdocs\agenda\app\Views\categoria.php(146): CodeIgniter\Debug\Exceptions->errorHandler(8, 'Undefined varia...', 'C:\\xampp\\htdocs...', 146, Array)
#1 C:\xampp\htdocs\agenda\vendor\codeigniter4\framework\system\View\View.php(246): include('C:\\xampp\\htdocs...')
#2 C:\xampp\htdocs\agenda\vendor\codeigniter4\framework\system\Common.php(1119): CodeIgniter\View\View->render('categoria', Array, true)
#3 C:\xampp\htdocs\agenda\app\Controllers\Home.php(148): view('categoria', Array)
#4 C:\xampp\htdocs\agenda\vendor\codeigniter4\framework\system\CodeIgniter.php(918): App\Controllers\Home->index2()
#5 C:\xampp\htdocs\agenda\vendor\codeigniter4\framework\system\CodeIgniter.php(404): CodeIgniter\CodeIgniter->runController(Object(App\Controllers\Home))
#6 C:\xampp\htdocs\agenda\vendor\codeigniter4\framework\system\CodeIgniter.php(312): CodeIgniter\CodeIgniter->handleRequest(NULL, Object(Config\Cache), false)
#7 C:\xampp\htdocs\agenda\public\index.php(45): CodeIgniter\CodeIgniter->run()
#8 {main}
CRITICAL - 2020-12-14 12:59:20 --> syntax error, unexpected end of file
#0 C:\xampp\htdocs\agenda\vendor\codeigniter4\framework\system\Common.php(1119): CodeIgniter\View\View->render('categoria', Array, true)
#1 C:\xampp\htdocs\agenda\app\Controllers\Home.php(148): view('categoria', Array)
#2 C:\xampp\htdocs\agenda\vendor\codeigniter4\framework\system\CodeIgniter.php(918): App\Controllers\Home->index2()
#3 C:\xampp\htdocs\agenda\vendor\codeigniter4\framework\system\CodeIgniter.php(404): CodeIgniter\CodeIgniter->runController(Object(App\Controllers\Home))
#4 C:\xampp\htdocs\agenda\vendor\codeigniter4\framework\system\CodeIgniter.php(312): CodeIgniter\CodeIgniter->handleRequest(NULL, Object(Config\Cache), false)
#5 C:\xampp\htdocs\agenda\public\index.php(45): CodeIgniter\CodeIgniter->run()
#6 {main}
CRITICAL - 2020-12-14 13:15:39 --> syntax error, unexpected end of file
#0 C:\xampp\htdocs\agenda\vendor\codeigniter4\framework\system\Common.php(1119): CodeIgniter\View\View->render('categoria', Array, true)
#1 C:\xampp\htdocs\agenda\app\Controllers\Home.php(148): view('categoria', Array)
#2 C:\xampp\htdocs\agenda\vendor\codeigniter4\framework\system\CodeIgniter.php(918): App\Controllers\Home->index2()
#3 C:\xampp\htdocs\agenda\vendor\codeigniter4\framework\system\CodeIgniter.php(404): CodeIgniter\CodeIgniter->runController(Object(App\Controllers\Home))
#4 C:\xampp\htdocs\agenda\vendor\codeigniter4\framework\system\CodeIgniter.php(312): CodeIgniter\CodeIgniter->handleRequest(NULL, Object(Config\Cache), false)
#5 C:\xampp\htdocs\agenda\public\index.php(45): CodeIgniter\CodeIgniter->run()
#6 {main}
CRITICAL - 2020-12-14 14:38:48 --> Undefined variable: resultado
#0 C:\xampp\htdocs\agenda\app\Views\contacto.php(77): CodeIgniter\Debug\Exceptions->errorHandler(8, 'Undefined varia...', 'C:\\xampp\\htdocs...', 77, Array)
#1 C:\xampp\htdocs\agenda\vendor\codeigniter4\framework\system\View\View.php(246): include('C:\\xampp\\htdocs...')
#2 C:\xampp\htdocs\agenda\vendor\codeigniter4\framework\system\Common.php(1119): CodeIgniter\View\View->render('contacto', Array, true)
#3 C:\xampp\htdocs\agenda\app\Controllers\Home.php(33): view('contacto', Array)
#4 C:\xampp\htdocs\agenda\vendor\codeigniter4\framework\system\CodeIgniter.php(918): App\Controllers\Home->contacto()
#5 C:\xampp\htdocs\agenda\vendor\codeigniter4\framework\system\CodeIgniter.php(404): CodeIgniter\CodeIgniter->runController(Object(App\Controllers\Home))
#6 C:\xampp\htdocs\agenda\vendor\codeigniter4\framework\system\CodeIgniter.php(312): CodeIgniter\CodeIgniter->handleRequest(NULL, Object(Config\Cache), false)
#7 C:\xampp\htdocs\agenda\public\index.php(45): CodeIgniter\CodeIgniter->run()
#8 {main}
CRITICAL - 2020-12-14 14:39:25 --> Undefined variable: resultado
#0 C:\xampp\htdocs\agenda\app\Views\contacto.php(77): CodeIgniter\Debug\Exceptions->errorHandler(8, 'Undefined varia...', 'C:\\xampp\\htdocs...', 77, Array)
#1 C:\xampp\htdocs\agenda\vendor\codeigniter4\framework\system\View\View.php(246): include('C:\\xampp\\htdocs...')
#2 C:\xampp\htdocs\agenda\vendor\codeigniter4\framework\system\Common.php(1119): CodeIgniter\View\View->render('contacto', Array, true)
#3 C:\xampp\htdocs\agenda\app\Controllers\Home.php(33): view('contacto', Array)
#4 C:\xampp\htdocs\agenda\vendor\codeigniter4\framework\system\CodeIgniter.php(918): App\Controllers\Home->contacto()
#5 C:\xampp\htdocs\agenda\vendor\codeigniter4\framework\system\CodeIgniter.php(404): CodeIgniter\CodeIgniter->runController(Object(App\Controllers\Home))
#6 C:\xampp\htdocs\agenda\vendor\codeigniter4\framework\system\CodeIgniter.php(312): CodeIgniter\CodeIgniter->handleRequest(NULL, Object(Config\Cache), false)
#7 C:\xampp\htdocs\agenda\public\index.php(45): CodeIgniter\CodeIgniter->run()
#8 {main}
CRITICAL - 2020-12-14 14:39:26 --> Undefined variable: resultado
#0 C:\xampp\htdocs\agenda\app\Views\contacto.php(77): CodeIgniter\Debug\Exceptions->errorHandler(8, 'Undefined varia...', 'C:\\xampp\\htdocs...', 77, Array)
#1 C:\xampp\htdocs\agenda\vendor\codeigniter4\framework\system\View\View.php(246): include('C:\\xampp\\htdocs...')
#2 C:\xampp\htdocs\agenda\vendor\codeigniter4\framework\system\Common.php(1119): CodeIgniter\View\View->render('contacto', Array, true)
#3 C:\xampp\htdocs\agenda\app\Controllers\Home.php(33): view('contacto', Array)
#4 C:\xampp\htdocs\agenda\vendor\codeigniter4\framework\system\CodeIgniter.php(918): App\Controllers\Home->contacto()
#5 C:\xampp\htdocs\agenda\vendor\codeigniter4\framework\system\CodeIgniter.php(404): CodeIgniter\CodeIgniter->runController(Object(App\Controllers\Home))
#6 C:\xampp\htdocs\agenda\vendor\codeigniter4\framework\system\CodeIgniter.php(312): CodeIgniter\CodeIgniter->handleRequest(NULL, Object(Config\Cache), false)
#7 C:\xampp\htdocs\agenda\public\index.php(45): CodeIgniter\CodeIgniter->run()
#8 {main}
CRITICAL - 2020-12-14 14:39:26 --> Undefined variable: resultado
#0 C:\xampp\htdocs\agenda\app\Views\contacto.php(77): CodeIgniter\Debug\Exceptions->errorHandler(8, 'Undefined varia...', 'C:\\xampp\\htdocs...', 77, Array)
#1 C:\xampp\htdocs\agenda\vendor\codeigniter4\framework\system\View\View.php(246): include('C:\\xampp\\htdocs...')
#2 C:\xampp\htdocs\agenda\vendor\codeigniter4\framework\system\Common.php(1119): CodeIgniter\View\View->render('contacto', Array, true)
#3 C:\xampp\htdocs\agenda\app\Controllers\Home.php(33): view('contacto', Array)
#4 C:\xampp\htdocs\agenda\vendor\codeigniter4\framework\system\CodeIgniter.php(918): App\Controllers\Home->contacto()
#5 C:\xampp\htdocs\agenda\vendor\codeigniter4\framework\system\CodeIgniter.php(404): CodeIgniter\CodeIgniter->runController(Object(App\Controllers\Home))
#6 C:\xampp\htdocs\agenda\vendor\codeigniter4\framework\system\CodeIgniter.php(312): CodeIgniter\CodeIgniter->handleRequest(NULL, Object(Config\Cache), false)
#7 C:\xampp\htdocs\agenda\public\index.php(45): CodeIgniter\CodeIgniter->run()
#8 {main}
CRITICAL - 2020-12-14 14:39:37 --> Undefined variable: resultado
#0 C:\xampp\htdocs\agenda\app\Views\contacto.php(76): CodeIgniter\Debug\Exceptions->errorHandler(8, 'Undefined varia...', 'C:\\xampp\\htdocs...', 76, Array)
#1 C:\xampp\htdocs\agenda\vendor\codeigniter4\framework\system\View\View.php(246): include('C:\\xampp\\htdocs...')
#2 C:\xampp\htdocs\agenda\vendor\codeigniter4\framework\system\Common.php(1119): CodeIgniter\View\View->render('contacto', Array, true)
#3 C:\xampp\htdocs\agenda\app\Controllers\Home.php(33): view('contacto', Array)
#4 C:\xampp\htdocs\agenda\vendor\codeigniter4\framework\system\CodeIgniter.php(918): App\Controllers\Home->contacto()
#5 C:\xampp\htdocs\agenda\vendor\codeigniter4\framework\system\CodeIgniter.php(404): CodeIgniter\CodeIgniter->runController(Object(App\Controllers\Home))
#6 C:\xampp\htdocs\agenda\vendor\codeigniter4\framework\system\CodeIgniter.php(312): CodeIgniter\CodeIgniter->handleRequest(NULL, Object(Config\Cache), false)
#7 C:\xampp\htdocs\agenda\public\index.php(45): CodeIgniter\CodeIgniter->run()
#8 {main}
CRITICAL - 2020-12-14 21:46:28 --> Invalid file: inicio.php
#0 C:\xampp\htdocs\agenda\vendor\codeigniter4\framework\system\View\View.php(228): CodeIgniter\Exceptions\FrameworkException::forInvalidFile('inicio.php')
#1 C:\xampp\htdocs\agenda\vendor\codeigniter4\framework\system\Common.php(1119): CodeIgniter\View\View->render('inicio', Array, true)
#2 C:\xampp\htdocs\agenda\app\Controllers\Home.php(10): view('inicio')
#3 C:\xampp\htdocs\agenda\vendor\codeigniter4\framework\system\CodeIgniter.php(918): App\Controllers\Home->index()
#4 C:\xampp\htdocs\agenda\vendor\codeigniter4\framework\system\CodeIgniter.php(404): CodeIgniter\CodeIgniter->runController(Object(App\Controllers\Home))
#5 C:\xampp\htdocs\agenda\vendor\codeigniter4\framework\system\CodeIgniter.php(312): CodeIgniter\CodeIgniter->handleRequest(NULL, Object(Config\Cache), false)
#6 C:\xampp\htdocs\agenda\public\index.php(45): CodeIgniter\CodeIgniter->run()
#7 {main}
CRITICAL - 2020-12-14 22:17:25 --> Cannot add or update a child row: a foreign key constraint fails (`proyecto`.`t_agenda`, CONSTRAINT `t_agenda_ibfk_1` FOREIGN KEY (`id_categoria`) REFERENCES `t_categoria` (`id_categoria`) ON DELETE CASCADE ON UPDATE CASCADE)
#0 C:\xampp\htdocs\agenda\vendor\codeigniter4\framework\system\Database\MySQLi\Connection.php(331): mysqli->query('INSERT INTO `t_...')
#1 C:\xampp\htdocs\agenda\vendor\codeigniter4\framework\system\Database\BaseConnection.php(741): CodeIgniter\Database\MySQLi\Connection->execute('INSERT INTO `t_...')
#2 C:\xampp\htdocs\agenda\vendor\codeigniter4\framework\system\Database\BaseConnection.php(669): CodeIgniter\Database\BaseConnection->simpleQuery('INSERT INTO `t_...')
#3 C:\xampp\htdocs\agenda\vendor\codeigniter4\framework\system\Database\BaseBuilder.php(2249): CodeIgniter\Database\BaseConnection->query('INSERT INTO `t_...', Array, false)
#4 C:\xampp\htdocs\agenda\app\Models\usuario.php(21): CodeIgniter\Database\BaseBuilder->insert(Array)
#5 C:\xampp\htdocs\agenda\app\Controllers\Home.php(70): App\Models\usuario->insertar(Array)
#6 C:\xampp\htdocs\agenda\vendor\codeigniter4\framework\system\CodeIgniter.php(918): App\Controllers\Home->crear()
#7 C:\xampp\htdocs\agenda\vendor\codeigniter4\framework\system\CodeIgniter.php(404): CodeIgniter\CodeIgniter->runController(Object(App\Controllers\Home))
#8 C:\xampp\htdocs\agenda\vendor\codeigniter4\framework\system\CodeIgniter.php(312): CodeIgniter\CodeIgniter->handleRequest(NULL, Object(Config\Cache), false)
#9 C:\xampp\htdocs\agenda\public\index.php(45): CodeIgniter\CodeIgniter->run()
#10 {main}
CRITICAL - 2020-12-14 22:18:05 --> Cannot add or update a child row: a foreign key constraint fails (`proyecto`.`t_agenda`, CONSTRAINT `t_agenda_ibfk_1` FOREIGN KEY (`id_categoria`) REFERENCES `t_categoria` (`id_categoria`) ON DELETE CASCADE ON UPDATE CASCADE)
#0 C:\xampp\htdocs\agenda\vendor\codeigniter4\framework\system\Database\MySQLi\Connection.php(331): mysqli->query('INSERT INTO `t_...')
#1 C:\xampp\htdocs\agenda\vendor\codeigniter4\framework\system\Database\BaseConnection.php(741): CodeIgniter\Database\MySQLi\Connection->execute('INSERT INTO `t_...')
#2 C:\xampp\htdocs\agenda\vendor\codeigniter4\framework\system\Database\BaseConnection.php(669): CodeIgniter\Database\BaseConnection->simpleQuery('INSERT INTO `t_...')
#3 C:\xampp\htdocs\agenda\vendor\codeigniter4\framework\system\Database\BaseBuilder.php(2249): CodeIgniter\Database\BaseConnection->query('INSERT INTO `t_...', Array, false)
#4 C:\xampp\htdocs\agenda\app\Models\usuario.php(21): CodeIgniter\Database\BaseBuilder->insert(Array)
#5 C:\xampp\htdocs\agenda\app\Controllers\Home.php(70): App\Models\usuario->insertar(Array)
#6 C:\xampp\htdocs\agenda\vendor\codeigniter4\framework\system\CodeIgniter.php(918): App\Controllers\Home->crear()
#7 C:\xampp\htdocs\agenda\vendor\codeigniter4\framework\system\CodeIgniter.php(404): CodeIgniter\CodeIgniter->runController(Object(App\Controllers\Home))
#8 C:\xampp\htdocs\agenda\vendor\codeigniter4\framework\system\CodeIgniter.php(312): CodeIgniter\CodeIgniter->handleRequest(NULL, Object(Config\Cache), false)
#9 C:\xampp\htdocs\agenda\public\index.php(45): CodeIgniter\CodeIgniter->run()
#10 {main}
CRITICAL - 2020-12-14 22:20:13 --> Cannot add or update a child row: a foreign key constraint fails (`proyecto`.`t_agenda`, CONSTRAINT `t_agenda_ibfk_1` FOREIGN KEY (`id_categoria`) REFERENCES `t_categoria` (`id_categoria`) ON DELETE CASCADE ON UPDATE CASCADE)
#0 C:\xampp\htdocs\agenda\vendor\codeigniter4\framework\system\Database\MySQLi\Connection.php(331): mysqli->query('INSERT INTO `t_...')
#1 C:\xampp\htdocs\agenda\vendor\codeigniter4\framework\system\Database\BaseConnection.php(741): CodeIgniter\Database\MySQLi\Connection->execute('INSERT INTO `t_...')
#2 C:\xampp\htdocs\agenda\vendor\codeigniter4\framework\system\Database\BaseConnection.php(669): CodeIgniter\Database\BaseConnection->simpleQuery('INSERT INTO `t_...')
#3 C:\xampp\htdocs\agenda\vendor\codeigniter4\framework\system\Database\BaseBuilder.php(2249): CodeIgniter\Database\BaseConnection->query('INSERT INTO `t_...', Array, false)
#4 C:\xampp\htdocs\agenda\app\Models\usuario.php(21): CodeIgniter\Database\BaseBuilder->insert(Array)
#5 C:\xampp\htdocs\agenda\app\Controllers\Home.php(70): App\Models\usuario->insertar(Array)
#6 C:\xampp\htdocs\agenda\vendor\codeigniter4\framework\system\CodeIgniter.php(918): App\Controllers\Home->crear()
#7 C:\xampp\htdocs\agenda\vendor\codeigniter4\framework\system\CodeIgniter.php(404): CodeIgniter\CodeIgniter->runController(Object(App\Controllers\Home))
#8 C:\xampp\htdocs\agenda\vendor\codeigniter4\framework\system\CodeIgniter.php(312): CodeIgniter\CodeIgniter->handleRequest(NULL, Object(Config\Cache), false)
#9 C:\xampp\htdocs\agenda\public\index.php(45): CodeIgniter\CodeIgniter->run()
#10 {main}
CRITICAL - 2020-12-14 22:29:02 --> Cannot add or update a child row: a foreign key constraint fails (`proyecto`.`t_agenda`, CONSTRAINT `t_agenda_ibfk_1` FOREIGN KEY (`id_categoria`) REFERENCES `t_categoria` (`id_categoria`) ON DELETE CASCADE ON UPDATE CASCADE)
#0 C:\xampp\htdocs\agenda\vendor\codeigniter4\framework\system\Database\MySQLi\Connection.php(331): mysqli->query('INSERT INTO `t_...')
#1 C:\xampp\htdocs\agenda\vendor\codeigniter4\framework\system\Database\BaseConnection.php(741): CodeIgniter\Database\MySQLi\Connection->execute('INSERT INTO `t_...')
#2 C:\xampp\htdocs\agenda\vendor\codeigniter4\framework\system\Database\BaseConnection.php(669): CodeIgniter\Database\BaseConnection->simpleQuery('INSERT INTO `t_...')
#3 C:\xampp\htdocs\agenda\vendor\codeigniter4\framework\system\Database\BaseBuilder.php(2249): CodeIgniter\Database\BaseConnection->query('INSERT INTO `t_...', Array, false)
#4 C:\xampp\htdocs\agenda\app\Models\usuario.php(21): CodeIgniter\Database\BaseBuilder->insert(Array)
#5 C:\xampp\htdocs\agenda\app\Controllers\Home.php(70): App\Models\usuario->insertar(Array)
#6 C:\xampp\htdocs\agenda\vendor\codeigniter4\framework\system\CodeIgniter.php(918): App\Controllers\Home->crear()
#7 C:\xampp\htdocs\agenda\vendor\codeigniter4\framework\system\CodeIgniter.php(404): CodeIgniter\CodeIgniter->runController(Object(App\Controllers\Home))
#8 C:\xampp\htdocs\agenda\vendor\codeigniter4\framework\system\CodeIgniter.php(312): CodeIgniter\CodeIgniter->handleRequest(NULL, Object(Config\Cache), false)
#9 C:\xampp\htdocs\agenda\public\index.php(45): CodeIgniter\CodeIgniter->run()
#10 {main}
CRITICAL - 2020-12-14 22:31:31 --> Cannot add or update a child row: a foreign key constraint fails (`proyecto`.`t_agenda`, CONSTRAINT `t_agenda_ibfk_1` FOREIGN KEY (`id_categoria`) REFERENCES `t_categoria` (`id_categoria`) ON DELETE CASCADE ON UPDATE CASCADE)
#0 C:\xampp\htdocs\agenda\vendor\codeigniter4\framework\system\Database\MySQLi\Connection.php(331): mysqli->query('INSERT INTO `t_...')
#1 C:\xampp\htdocs\agenda\vendor\codeigniter4\framework\system\Database\BaseConnection.php(741): CodeIgniter\Database\MySQLi\Connection->execute('INSERT INTO `t_...')
#2 C:\xampp\htdocs\agenda\vendor\codeigniter4\framework\system\Database\BaseConnection.php(669): CodeIgniter\Database\BaseConnection->simpleQuery('INSERT INTO `t_...')
#3 C:\xampp\htdocs\agenda\vendor\codeigniter4\framework\system\Database\BaseBuilder.php(2249): CodeIgniter\Database\BaseConnection->query('INSERT INTO `t_...', Array, false)
#4 C:\xampp\htdocs\agenda\app\Models\usuario.php(21): CodeIgniter\Database\BaseBuilder->insert(Array)
#5 C:\xampp\htdocs\agenda\app\Controllers\Home.php(70): App\Models\usuario->insertar(Array)
#6 C:\xampp\htdocs\agenda\vendor\codeigniter4\framework\system\CodeIgniter.php(918): App\Controllers\Home->crear()
#7 C:\xampp\htdocs\agenda\vendor\codeigniter4\framework\system\CodeIgniter.php(404): CodeIgniter\CodeIgniter->runController(Object(App\Controllers\Home))
#8 C:\xampp\htdocs\agenda\vendor\codeigniter4\framework\system\CodeIgniter.php(312): CodeIgniter\CodeIgniter->handleRequest(NULL, Object(Config\Cache), false)
#9 C:\xampp\htdocs\agenda\public\index.php(45): CodeIgniter\CodeIgniter->run()
#10 {main}
CRITICAL - 2020-12-14 22:37:47 --> Cannot add or update a child row: a foreign key constraint fails (`proyecto`.`t_agenda`, CONSTRAINT `t_agenda_ibfk_1` FOREIGN KEY (`id_categoria`) REFERENCES `t_categoria` (`id_categoria`) ON DELETE CASCADE ON UPDATE CASCADE)
#0 C:\xampp\htdocs\agenda\vendor\codeigniter4\framework\system\Database\MySQLi\Connection.php(331): mysqli->query('INSERT INTO `t_...')
#1 C:\xampp\htdocs\agenda\vendor\codeigniter4\framework\system\Database\BaseConnection.php(741): CodeIgniter\Database\MySQLi\Connection->execute('INSERT INTO `t_...')
#2 C:\xampp\htdocs\agenda\vendor\codeigniter4\framework\system\Database\BaseConnection.php(669): CodeIgniter\Database\BaseConnection->simpleQuery('INSERT INTO `t_...')
#3 C:\xampp\htdocs\agenda\vendor\codeigniter4\framework\system\Database\BaseBuilder.php(2249): CodeIgniter\Database\BaseConnection->query('INSERT INTO `t_...', Array, false)
#4 C:\xampp\htdocs\agenda\app\Models\usuario.php(21): CodeIgniter\Database\BaseBuilder->insert(Array)
#5 C:\xampp\htdocs\agenda\app\Controllers\Home.php(70): App\Models\usuario->insertar(Array)
#6 C:\xampp\htdocs\agenda\vendor\codeigniter4\framework\system\CodeIgniter.php(918): App\Controllers\Home->crear()
#7 C:\xampp\htdocs\agenda\vendor\codeigniter4\framework\system\CodeIgniter.php(404): CodeIgniter\CodeIgniter->runController(Object(App\Controllers\Home))
#8 C:\xampp\htdocs\agenda\vendor\codeigniter4\framework\system\CodeIgniter.php(312): CodeIgniter\CodeIgniter->handleRequest(NULL, Object(Config\Cache), false)
#9 C:\xampp\htdocs\agenda\public\index.php(45): CodeIgniter\CodeIgniter->run()
#10 {main}
CRITICAL - 2020-12-14 23:13:15 --> Cannot add or update a child row: a foreign key constraint fails (`proyecto`.`t_agenda`, CONSTRAINT `t_agenda_ibfk_1` FOREIGN KEY (`id_categoria`) REFERENCES `t_categoria` (`id_categoria`) ON DELETE CASCADE ON UPDATE CASCADE)
#0 C:\xampp\htdocs\agenda\vendor\codeigniter4\framework\system\Database\MySQLi\Connection.php(331): mysqli->query('INSERT INTO `t_...')
#1 C:\xampp\htdocs\agenda\vendor\codeigniter4\framework\system\Database\BaseConnection.php(741): CodeIgniter\Database\MySQLi\Connection->execute('INSERT INTO `t_...')
#2 C:\xampp\htdocs\agenda\vendor\codeigniter4\framework\system\Database\BaseConnection.php(669): CodeIgniter\Database\BaseConnection->simpleQuery('INSERT INTO `t_...')
#3 C:\xampp\htdocs\agenda\vendor\codeigniter4\framework\system\Database\BaseBuilder.php(2249): CodeIgniter\Database\BaseConnection->query('INSERT INTO `t_...', Array, false)
#4 C:\xampp\htdocs\agenda\app\Models\usuario.php(21): CodeIgniter\Database\BaseBuilder->insert(Array)
#5 C:\xampp\htdocs\agenda\app\Controllers\Home.php(70): App\Models\usuario->insertar(Array)
#6 C:\xampp\htdocs\agenda\vendor\codeigniter4\framework\system\CodeIgniter.php(918): App\Controllers\Home->crear()
#7 C:\xampp\htdocs\agenda\vendor\codeigniter4\framework\system\CodeIgniter.php(404): CodeIgniter\CodeIgniter->runController(Object(App\Controllers\Home))
#8 C:\xampp\htdocs\agenda\vendor\codeigniter4\framework\system\CodeIgniter.php(312): CodeIgniter\CodeIgniter->handleRequest(NULL, Object(Config\Cache), false)
#9 C:\xampp\htdocs\agenda\public\index.php(45): CodeIgniter\CodeIgniter->run()
#10 {main}
