CRITICAL - 2020-12-11 17:44:50 --> Call to undefined method CodeIgniter\Database\MySQLi\Forge::addForeiKey()
#0 C:\xampp\htdocs\agenda\vendor\codeigniter4\framework\system\Database\MigrationRunner.php(1060): App\Database\Migrations\TContacto->up()
#1 C:\xampp\htdocs\agenda\vendor\codeigniter4\framework\system\Database\MigrationRunner.php(223): CodeIgniter\Database\MigrationRunner->migrate('up', Object(stdClass))
#2 C:\xampp\htdocs\agenda\vendor\codeigniter4\framework\system\Commands\Database\Migrate.php(128): CodeIgniter\Database\MigrationRunner->latest(NULL)
#3 C:\xampp\htdocs\agenda\vendor\codeigniter4\framework\system\CLI\Commands.php(100): CodeIgniter\Commands\Database\Migrate->run(Array)
#4 C:\xampp\htdocs\agenda\vendor\codeigniter4\framework\system\CLI\CommandRunner.php(107): CodeIgniter\CLI\Commands->run('migrate', Array)
#5 C:\xampp\htdocs\agenda\vendor\codeigniter4\framework\system\CLI\CommandRunner.php(85): CodeIgniter\CLI\CommandRunner->index(Array)
#6 C:\xampp\htdocs\agenda\vendor\codeigniter4\framework\system\CodeIgniter.php(914): CodeIgniter\CLI\CommandRunner->_remap('index', 'migrate', 't_categoria')
#7 C:\xampp\htdocs\agenda\vendor\codeigniter4\framework\system\CodeIgniter.php(404): CodeIgniter\CodeIgniter->runController(Object(CodeIgniter\CLI\CommandRunner))
#8 C:\xampp\htdocs\agenda\vendor\codeigniter4\framework\system\CodeIgniter.php(312): CodeIgniter\CodeIgniter->handleRequest(NULL, Object(Config\Cache), false)
#9 C:\xampp\htdocs\agenda\vendor\codeigniter4\framework\system\CLI\Console.php(86): CodeIgniter\CodeIgniter->run()
#10 C:\xampp\htdocs\agenda\spark(57): CodeIgniter\CLI\Console->run()
#11 {main}
CRITICAL - 2020-12-11 17:46:30 --> Call to undefined method CodeIgniter\Database\MySQLi\Forge::addForeiKey()
#0 C:\xampp\htdocs\agenda\vendor\codeigniter4\framework\system\Database\MigrationRunner.php(1060): App\Database\Migrations\TContacto->up()
#1 C:\xampp\htdocs\agenda\vendor\codeigniter4\framework\system\Database\MigrationRunner.php(223): CodeIgniter\Database\MigrationRunner->migrate('up', Object(stdClass))
#2 C:\xampp\htdocs\agenda\vendor\codeigniter4\framework\system\Commands\Database\Migrate.php(128): CodeIgniter\Database\MigrationRunner->latest(NULL)
#3 C:\xampp\htdocs\agenda\vendor\codeigniter4\framework\system\CLI\Commands.php(100): CodeIgniter\Commands\Database\Migrate->run(Array)
#4 C:\xampp\htdocs\agenda\vendor\codeigniter4\framework\system\CLI\CommandRunner.php(107): CodeIgniter\CLI\Commands->run('migrate', Array)
#5 C:\xampp\htdocs\agenda\vendor\codeigniter4\framework\system\CLI\CommandRunner.php(85): CodeIgniter\CLI\CommandRunner->index(Array)
#6 C:\xampp\htdocs\agenda\vendor\codeigniter4\framework\system\CodeIgniter.php(914): CodeIgniter\CLI\CommandRunner->_remap('index', 'migrate')
#7 C:\xampp\htdocs\agenda\vendor\codeigniter4\framework\system\CodeIgniter.php(404): CodeIgniter\CodeIgniter->runController(Object(CodeIgniter\CLI\CommandRunner))
#8 C:\xampp\htdocs\agenda\vendor\codeigniter4\framework\system\CodeIgniter.php(312): CodeIgniter\CodeIgniter->handleRequest(NULL, Object(Config\Cache), false)
#9 C:\xampp\htdocs\agenda\vendor\codeigniter4\framework\system\CLI\Console.php(86): CodeIgniter\CodeIgniter->run()
#10 C:\xampp\htdocs\agenda\spark(57): CodeIgniter\CLI\Console->run()
#11 {main}
CRITICAL - 2020-12-11 17:47:14 --> Call to undefined method CodeIgniter\Database\MySQLi\Forge::addForeingKey()
#0 C:\xampp\htdocs\agenda\vendor\codeigniter4\framework\system\Database\MigrationRunner.php(1060): App\Database\Migrations\TContacto->up()
#1 C:\xampp\htdocs\agenda\vendor\codeigniter4\framework\system\Database\MigrationRunner.php(223): CodeIgniter\Database\MigrationRunner->migrate('up', Object(stdClass))
#2 C:\xampp\htdocs\agenda\vendor\codeigniter4\framework\system\Commands\Database\Migrate.php(128): CodeIgniter\Database\MigrationRunner->latest(NULL)
#3 C:\xampp\htdocs\agenda\vendor\codeigniter4\framework\system\CLI\Commands.php(100): CodeIgniter\Commands\Database\Migrate->run(Array)
#4 C:\xampp\htdocs\agenda\vendor\codeigniter4\framework\system\CLI\CommandRunner.php(107): CodeIgniter\CLI\Commands->run('migrate', Array)
#5 C:\xampp\htdocs\agenda\vendor\codeigniter4\framework\system\CLI\CommandRunner.php(85): CodeIgniter\CLI\CommandRunner->index(Array)
#6 C:\xampp\htdocs\agenda\vendor\codeigniter4\framework\system\CodeIgniter.php(914): CodeIgniter\CLI\CommandRunner->_remap('index', 'migrate')
#7 C:\xampp\htdocs\agenda\vendor\codeigniter4\framework\system\CodeIgniter.php(404): CodeIgniter\CodeIgniter->runController(Object(CodeIgniter\CLI\CommandRunner))
#8 C:\xampp\htdocs\agenda\vendor\codeigniter4\framework\system\CodeIgniter.php(312): CodeIgniter\CodeIgniter->handleRequest(NULL, Object(Config\Cache), false)
#9 C:\xampp\htdocs\agenda\vendor\codeigniter4\framework\system\CLI\Console.php(86): CodeIgniter\CodeIgniter->run()
#10 C:\xampp\htdocs\agenda\spark(57): CodeIgniter\CLI\Console->run()
#11 {main}
CRITICAL - 2020-12-11 17:47:27 --> Call to undefined method CodeIgniter\Database\MySQLi\Forge::addForeingkey()
#0 C:\xampp\htdocs\agenda\vendor\codeigniter4\framework\system\Database\MigrationRunner.php(1060): App\Database\Migrations\TContacto->up()
#1 C:\xampp\htdocs\agenda\vendor\codeigniter4\framework\system\Database\MigrationRunner.php(223): CodeIgniter\Database\MigrationRunner->migrate('up', Object(stdClass))
#2 C:\xampp\htdocs\agenda\vendor\codeigniter4\framework\system\Commands\Database\Migrate.php(128): CodeIgniter\Database\MigrationRunner->latest(NULL)
#3 C:\xampp\htdocs\agenda\vendor\codeigniter4\framework\system\CLI\Commands.php(100): CodeIgniter\Commands\Database\Migrate->run(Array)
#4 C:\xampp\htdocs\agenda\vendor\codeigniter4\framework\system\CLI\CommandRunner.php(107): CodeIgniter\CLI\Commands->run('migrate', Array)
#5 C:\xampp\htdocs\agenda\vendor\codeigniter4\framework\system\CLI\CommandRunner.php(85): CodeIgniter\CLI\CommandRunner->index(Array)
#6 C:\xampp\htdocs\agenda\vendor\codeigniter4\framework\system\CodeIgniter.php(914): CodeIgniter\CLI\CommandRunner->_remap('index', 'migrate')
#7 C:\xampp\htdocs\agenda\vendor\codeigniter4\framework\system\CodeIgniter.php(404): CodeIgniter\CodeIgniter->runController(Object(CodeIgniter\CLI\CommandRunner))
#8 C:\xampp\htdocs\agenda\vendor\codeigniter4\framework\system\CodeIgniter.php(312): CodeIgniter\CodeIgniter->handleRequest(NULL, Object(Config\Cache), false)
#9 C:\xampp\htdocs\agenda\vendor\codeigniter4\framework\system\CLI\Console.php(86): CodeIgniter\CodeIgniter->run()
#10 C:\xampp\htdocs\agenda\spark(57): CodeIgniter\CLI\Console->run()
#11 {main}
CRITICAL - 2020-12-11 17:47:33 --> Call to undefined method CodeIgniter\Database\MySQLi\Forge::addForeingkey()
#0 C:\xampp\htdocs\agenda\vendor\codeigniter4\framework\system\Database\MigrationRunner.php(1060): App\Database\Migrations\TContacto->up()
#1 C:\xampp\htdocs\agenda\vendor\codeigniter4\framework\system\Database\MigrationRunner.php(223): CodeIgniter\Database\MigrationRunner->migrate('up', Object(stdClass))
#2 C:\xampp\htdocs\agenda\vendor\codeigniter4\framework\system\Commands\Database\Migrate.php(128): CodeIgniter\Database\MigrationRunner->latest(NULL)
#3 C:\xampp\htdocs\agenda\vendor\codeigniter4\framework\system\CLI\Commands.php(100): CodeIgniter\Commands\Database\Migrate->run(Array)
#4 C:\xampp\htdocs\agenda\vendor\codeigniter4\framework\system\CLI\CommandRunner.php(107): CodeIgniter\CLI\Commands->run('migrate', Array)
#5 C:\xampp\htdocs\agenda\vendor\codeigniter4\framework\system\CLI\CommandRunner.php(85): CodeIgniter\CLI\CommandRunner->index(Array)
#6 C:\xampp\htdocs\agenda\vendor\codeigniter4\framework\system\CodeIgniter.php(914): CodeIgniter\CLI\CommandRunner->_remap('index', 'migrate')
#7 C:\xampp\htdocs\agenda\vendor\codeigniter4\framework\system\CodeIgniter.php(404): CodeIgniter\CodeIgniter->runController(Object(CodeIgniter\CLI\CommandRunner))
#8 C:\xampp\htdocs\agenda\vendor\codeigniter4\framework\system\CodeIgniter.php(312): CodeIgniter\CodeIgniter->handleRequest(NULL, Object(Config\Cache), false)
#9 C:\xampp\htdocs\agenda\vendor\codeigniter4\framework\system\CLI\Console.php(86): CodeIgniter\CodeIgniter->run()
#10 C:\xampp\htdocs\agenda\spark(57): CodeIgniter\CLI\Console->run()
#11 {main}
CRITICAL - 2020-12-11 17:48:35 --> Call to undefined method CodeIgniter\Database\MySQLi\Forge::addForeingkey()
#0 C:\xampp\htdocs\agenda\vendor\codeigniter4\framework\system\Database\MigrationRunner.php(1060): App\Database\Migrations\TContacto->up()
#1 C:\xampp\htdocs\agenda\vendor\codeigniter4\framework\system\Database\MigrationRunner.php(223): CodeIgniter\Database\MigrationRunner->migrate('up', Object(stdClass))
#2 C:\xampp\htdocs\agenda\vendor\codeigniter4\framework\system\Commands\Database\Migrate.php(128): CodeIgniter\Database\MigrationRunner->latest(NULL)
#3 C:\xampp\htdocs\agenda\vendor\codeigniter4\framework\system\CLI\Commands.php(100): CodeIgniter\Commands\Database\Migrate->run(Array)
#4 C:\xampp\htdocs\agenda\vendor\codeigniter4\framework\system\CLI\CommandRunner.php(107): CodeIgniter\CLI\Commands->run('migrate', Array)
#5 C:\xampp\htdocs\agenda\vendor\codeigniter4\framework\system\CLI\CommandRunner.php(85): CodeIgniter\CLI\CommandRunner->index(Array)
#6 C:\xampp\htdocs\agenda\vendor\codeigniter4\framework\system\CodeIgniter.php(914): CodeIgniter\CLI\CommandRunner->_remap('index', 'migrate')
#7 C:\xampp\htdocs\agenda\vendor\codeigniter4\framework\system\CodeIgniter.php(404): CodeIgniter\CodeIgniter->runController(Object(CodeIgniter\CLI\CommandRunner))
#8 C:\xampp\htdocs\agenda\vendor\codeigniter4\framework\system\CodeIgniter.php(312): CodeIgniter\CodeIgniter->handleRequest(NULL, Object(Config\Cache), false)
#9 C:\xampp\htdocs\agenda\vendor\codeigniter4\framework\system\CLI\Console.php(86): CodeIgniter\CodeIgniter->run()
#10 C:\xampp\htdocs\agenda\spark(57): CodeIgniter\CLI\Console->run()
#11 {main}
CRITICAL - 2020-12-11 17:53:39 --> Call to undefined method CodeIgniter\Database\MySQLi\Forge::addForeingkey()
#0 C:\xampp\htdocs\agenda\vendor\codeigniter4\framework\system\Database\MigrationRunner.php(1060): App\Database\Migrations\TContacto->up()
#1 C:\xampp\htdocs\agenda\vendor\codeigniter4\framework\system\Database\MigrationRunner.php(223): CodeIgniter\Database\MigrationRunner->migrate('up', Object(stdClass))
#2 C:\xampp\htdocs\agenda\vendor\codeigniter4\framework\system\Commands\Database\Migrate.php(128): CodeIgniter\Database\MigrationRunner->latest(NULL)
#3 C:\xampp\htdocs\agenda\vendor\codeigniter4\framework\system\CLI\Commands.php(100): CodeIgniter\Commands\Database\Migrate->run(Array)
#4 C:\xampp\htdocs\agenda\vendor\codeigniter4\framework\system\CLI\CommandRunner.php(107): CodeIgniter\CLI\Commands->run('migrate', Array)
#5 C:\xampp\htdocs\agenda\vendor\codeigniter4\framework\system\CLI\CommandRunner.php(85): CodeIgniter\CLI\CommandRunner->index(Array)
#6 C:\xampp\htdocs\agenda\vendor\codeigniter4\framework\system\CodeIgniter.php(914): CodeIgniter\CLI\CommandRunner->_remap('index', 'migrate')
#7 C:\xampp\htdocs\agenda\vendor\codeigniter4\framework\system\CodeIgniter.php(404): CodeIgniter\CodeIgniter->runController(Object(CodeIgniter\CLI\CommandRunner))
#8 C:\xampp\htdocs\agenda\vendor\codeigniter4\framework\system\CodeIgniter.php(312): CodeIgniter\CodeIgniter->handleRequest(NULL, Object(Config\Cache), false)
#9 C:\xampp\htdocs\agenda\vendor\codeigniter4\framework\system\CLI\Console.php(86): CodeIgniter\CodeIgniter->run()
#10 C:\xampp\htdocs\agenda\spark(57): CodeIgniter\CLI\Console->run()
#11 {main}
CRITICAL - 2020-12-11 17:59:35 --> Cannot declare class App\Database\Migrations\TContacto, because the name is already in use
#0 [internal function]: CodeIgniter\Debug\Exceptions->shutdownHandler()
#1 {main}
CRITICAL - 2020-12-11 18:23:57 --> Cannot declare class App\Database\Migrations\TContacto, because the name is already in use
#0 [internal function]: CodeIgniter\Debug\Exceptions->shutdownHandler()
#1 {main}
CRITICAL - 2020-12-11 18:26:05 --> Cannot declare class App\Database\Migrations\TContacto, because the name is already in use
#0 [internal function]: CodeIgniter\Debug\Exceptions->shutdownHandler()
#1 {main}
CRITICAL - 2020-12-11 18:26:35 --> Cannot declare class App\Database\Migrations\TContacto, because the name is already in use
#0 [internal function]: CodeIgniter\Debug\Exceptions->shutdownHandler()
#1 {main}
CRITICAL - 2020-12-11 18:26:42 --> Cannot declare class App\Database\Migrations\TContacto, because the name is already in use
#0 [internal function]: CodeIgniter\Debug\Exceptions->shutdownHandler()
#1 {main}
